<?xml version="1.0" encoding="UTF-8"?>
<!-- Generated by org.testng.reporters.JUnitXMLReporter -->
<testsuite hostname="LAPTOP-F1V129N6" ignored="0" name="Command line test" tests="4" failures="1" timestamp="20 Feb 2022 06:01:31 GMT" time="0.482" errors="0">
  <testcase name="createContactTest" time="0.063" classname="com.crm.ContactTest.ContactTest"/>
  <testcase name="modifyContactTest" time="0.001" classname="com.crm.ContactTest.ContactTest"/>
  <testcase name="createorgTest" time="0.287" classname="com.crm.OrgTest.OrganizationTest">
    <failure type="java.lang.IllegalStateException" message="The path to the driver executable must be set by the webdriver.chrome.driver system property; for more information, see https://github.com/SeleniumHQ/selenium/wiki/ChromeDriver. The latest version can be downloaded from http://chromedriver.storage.googleapis.com/index.html">
      <![CDATA[java.lang.IllegalStateException: The path to the driver executable must be set by the webdriver.chrome.driver system property; for more information, see https://github.com/SeleniumHQ/selenium/wiki/ChromeDriver. The latest version can be downloaded from http://chromedriver.storage.googleapis.com/index.html
at com.google.common.base.Preconditions.checkState(Preconditions.java:847)
at org.openqa.selenium.remote.service.DriverService.findExecutable(DriverService.java:134)
at org.openqa.selenium.chrome.ChromeDriverService.access$000(ChromeDriverService.java:35)
at org.openqa.selenium.chrome.ChromeDriverService$Builder.findDefaultExecutable(ChromeDriverService.java:159)
at org.openqa.selenium.remote.service.DriverService$Builder.build(DriverService.java:355)
at org.openqa.selenium.chrome.ChromeDriverService.createDefaultService(ChromeDriverService.java:94)
at org.openqa.selenium.chrome.ChromeDriver.<init>(ChromeDriver.java:123)
at com.crm.OrgTest.OrganizationTest.createorgTest(OrganizationTest.java:20)
... Removed 35 stack frames]]>
    </failure>
  </testcase> <!-- createorgTest -->
  <testcase name="modifyorgTest" time="0.001" classname="com.crm.OrgTest.OrganizationTest"/>
</testsuite> <!-- Command line test -->
